# JRE version: OpenJDK Runtime Environment (8.0_152-b02) (build 1.8.0_152-release-1024-b02)
# Java VM: OpenJDK 64-Bit Server VM (25.152-b02 mixed mode windows-amd64 compressed oops)
Heap:
 PSYoungGen      total 203776K, used 138277K [0x00000000e0000000, 0x00000000eef00000, 0x0000000100000000)
  eden space 179200K, 68% used [0x00000000e0000000,0x00000000e78519c0,0x00000000eaf00000)
  from space 24576K, 61% used [0x00000000ed700000,0x00000000ee5b7b80,0x00000000eef00000)
  to   space 32768K, 0% used [0x00000000eaf00000,0x00000000eaf00000,0x00000000ecf00000)
 ParOldGen       total 113664K, used 61757K [0x00000000a0000000, 0x00000000a6f00000, 0x00000000e0000000)
  object space 113664K, 54% used [0x00000000a0000000,0x00000000a3c4f400,0x00000000a6f00000)
 Metaspace       used 57532K, capacity 58744K, committed 59160K, reserved 1101824K
  class space    used 6823K, capacity 7184K, committed 7296K, reserved 1048576K
GC Heap History (10 events):
Event: 536.304 GC heap before
{Heap before GC invocations=15 (full 3):
 PSYoungGen      total 125440K, used 102300K [0x00000000e0000000, 0x00000000ebb80000, 0x0000000100000000)
  eden space 89088K, 100% used [0x00000000e0000000,0x00000000e5700000,0x00000000e5700000)
  from space 36352K, 36% used [0x00000000e5700000,0x00000000e63e7238,0x00000000e7a80000)
  to   space 34816K, 0% used [0x00000000e9980000,0x00000000e9980000,0x00000000ebb80000)
 ParOldGen       total 113664K, used 48351K [0x00000000a0000000, 0x00000000a6f00000, 0x00000000e0000000)
  object space 113664K, 42% used [0x00000000a0000000,0x00000000a2f37f08,0x00000000a6f00000)
 Metaspace       used 53612K, capacity 54476K, committed 54912K, reserved 1097728K
  class space    used 6511K, capacity 6756K, committed 6784K, reserved 1048576K
Event: 536.322 GC heap after
Heap after GC invocations=15 (full 3):
 PSYoungGen      total 148992K, used 3880K [0x00000000e0000000, 0x00000000eb780000, 0x0000000100000000)
  eden space 118272K, 0% used [0x00000000e0000000,0x00000000e0000000,0x00000000e7380000)
  from space 30720K, 12% used [0x00000000e9980000,0x00000000e9d4a2f0,0x00000000eb780000)
  to   space 34816K, 0% used [0x00000000e7380000,0x00000000e7380000,0x00000000e9580000)
 ParOldGen       total 113664K, used 61155K [0x00000000a0000000, 0x00000000a6f00000, 0x00000000e0000000)
  object space 113664K, 53% used [0x00000000a0000000,0x00000000a3bb8da8,0x00000000a6f00000)
 Metaspace       used 53612K, capacity 54476K, committed 54912K, reserved 1097728K
  class space    used 6511K, capacity 6756K, committed 6784K, reserved 1048576K
}
Event: 671.654 GC heap before
{Heap before GC invocations=16 (full 3):
 PSYoungGen      total 148992K, used 122152K [0x00000000e0000000, 0x00000000eb780000, 0x0000000100000000)
  eden space 118272K, 100% used [0x00000000e0000000,0x00000000e7380000,0x00000000e7380000)
  from space 30720K, 12% used [0x00000000e9980000,0x00000000e9d4a2f0,0x00000000eb780000)
  to   space 34816K, 0% used [0x00000000e7380000,0x00000000e7380000,0x00000000e9580000)
 ParOldGen       total 113664K, used 61155K [0x00000000a0000000, 0x00000000a6f00000, 0x00000000e0000000)
  object space 113664K, 53% used [0x00000000a0000000,0x00000000a3bb8da8,0x00000000a6f00000)
 Metaspace       used 54596K, capacity 55536K, committed 56064K, reserved 1097728K
  class space    used 6574K, capacity 6868K, committed 6912K, reserved 1048576K
Event: 671.700 GC heap after
Heap after GC invocations=16 (full 3):
 PSYoungGen      total 153088K, used 21410K [0x00000000e0000000, 0x00000000ed980000, 0x0000000100000000)
  eden space 118272K, 0% used [0x00000000e0000000,0x00000000e0000000,0x00000000e7380000)
  from space 34816K, 61% used [0x00000000e7380000,0x00000000e8868a58,0x00000000e9580000)
  to   space 35328K, 0% used [0x00000000eb700000,0x00000000eb700000,0x00000000ed980000)
 ParOldGen       total 113664K, used 61733K [0x00000000a0000000, 0x00000000a6f00000, 0x00000000e0000000)
  object space 113664K, 54% used [0x00000000a0000000,0x00000000a3c49400,0x00000000a6f00000)
 Metaspace       used 54596K, capacity 55536K, committed 56064K, reserved 1097728K
  class space    used 6574K, capacity 6868K, committed 6912K, reserved 1048576K
}
Event: 792.494 GC heap before
{Heap before GC invocations=17 (full 3):
 PSYoungGen      total 153088K, used 139682K [0x00000000e0000000, 0x00000000ed980000, 0x0000000100000000)
  eden space 118272K, 100% used [0x00000000e0000000,0x00000000e7380000,0x00000000e7380000)
  from space 34816K, 61% used [0x00000000e7380000,0x00000000e8868a58,0x00000000e9580000)
  to   space 35328K, 0% used [0x00000000eb700000,0x00000000eb700000,0x00000000ed980000)
 ParOldGen       total 113664K, used 61733K [0x00000000a0000000, 0x00000000a6f00000, 0x00000000e0000000)
  object space 113664K, 54% used [0x00000000a0000000,0x00000000a3c49400,0x00000000a6f00000)
 Metaspace       used 55104K, capacity 56192K, committed 56576K, reserved 1099776K
  class space    used 6618K, capacity 6912K, committed 6912K, reserved 1048576K
Event: 792.515 GC heap after
Heap after GC invocations=17 (full 3):
 PSYoungGen      total 174080K, used 12814K [0x00000000e0000000, 0x00000000ed180000, 0x0000000100000000)
  eden space 146944K, 0% used [0x00000000e0000000,0x00000000e0000000,0x00000000e8f80000)
  from space 27136K, 47% used [0x00000000eb700000,0x00000000ec383a68,0x00000000ed180000)
  to   space 33792K, 0% used [0x00000000e8f80000,0x00000000e8f80000,0x00000000eb080000)
 ParOldGen       total 113664K, used 61741K [0x00000000a0000000, 0x00000000a6f00000, 0x00000000e0000000)
  object space 113664K, 54% used [0x00000000a0000000,0x00000000a3c4b400,0x00000000a6f00000)
 Metaspace       used 55104K, capacity 56192K, committed 56576K, reserved 1099776K
  class space    used 6618K, capacity 6912K, committed 6912K, reserved 1048576K
}
Event: 793.456 GC heap before
{Heap before GC invocations=18 (full 3):
 PSYoungGen      total 174080K, used 159758K [0x00000000e0000000, 0x00000000ed180000, 0x0000000100000000)
  eden space 146944K, 100% used [0x00000000e0000000,0x00000000e8f80000,0x00000000e8f80000)
  from space 27136K, 47% used [0x00000000eb700000,0x00000000ec383a68,0x00000000ed180000)
  to   space 33792K, 0% used [0x00000000e8f80000,0x00000000e8f80000,0x00000000eb080000)
 ParOldGen       total 113664K, used 61741K [0x00000000a0000000, 0x00000000a6f00000, 0x00000000e0000000)
  object space 113664K, 54% used [0x00000000a0000000,0x00000000a3c4b400,0x00000000a6f00000)
 Metaspace       used 55530K, capacity 56544K, committed 56960K, reserved 1099776K
  class space    used 6635K, capacity 6944K, committed 7040K, reserved 1048576K
Event: 793.490 GC heap after
Heap after GC invocations=18 (full 3):
 PSYoungGen      total 180736K, used 22017K [0x00000000e0000000, 0x00000000ef900000, 0x0000000100000000)
  eden space 146944K, 0% used [0x00000000e0000000,0x00000000e0000000,0x00000000e8f80000)
  from space 33792K, 65% used [0x00000000e8f80000,0x00000000ea500480,0x00000000eb080000)
  to   space 34816K, 0% used [0x00000000ed700000,0x00000000ed700000,0x00000000ef900000)
 ParOldGen       total 113664K, used 61749K [0x00000000a0000000, 0x00000000a6f00000, 0x00000000e0000000)
  object space 113664K, 54% used [0x00000000a0000000,0x00000000a3c4d400,0x00000000a6f00000)
 Metaspace       used 55530K, capacity 56544K, committed 56960K, reserved 1099776K
  class space    used 6635K, capacity 6944K, committed 7040K, reserved 1048576K
}
Event: 2749.903 GC heap before
{Heap before GC invocations=19 (full 3):
 PSYoungGen      total 180736K, used 168961K [0x00000000e0000000, 0x00000000ef900000, 0x0000000100000000)
  eden space 146944K, 100% used [0x00000000e0000000,0x00000000e8f80000,0x00000000e8f80000)
  from space 33792K, 65% used [0x00000000e8f80000,0x00000000ea500480,0x00000000eb080000)
  to   space 34816K, 0% used [0x00000000ed700000,0x00000000ed700000,0x00000000ef900000)
 ParOldGen       total 113664K, used 61749K [0x00000000a0000000, 0x00000000a6f00000, 0x00000000e0000000)
  object space 113664K, 54% used [0x00000000a0000000,0x00000000a3c4d400,0x00000000a6f00000)
 Metaspace       used 56640K, capacity 57896K, committed 58368K, reserved 1099776K
  class space    used 6733K, capacity 7066K, committed 7168K, reserved 1048576K
Event: 2749.925 GC heap after
Heap after GC invocations=19 (full 3):
 PSYoungGen      total 203776K, used 15070K [0x00000000e0000000, 0x00000000eef00000, 0x0000000100000000)
  eden space 179200K, 0% used [0x00000000e0000000,0x00000000e0000000,0x00000000eaf00000)
  from space 24576K, 61% used [0x00000000ed700000,0x00000000ee5b7b80,0x00000000eef00000)
  to   space 32768K, 0% used [0x00000000eaf00000,0x00000000eaf00000,0x00000000ecf00000)
 ParOldGen       total 113664K, used 61757K [0x00000000a0000000, 0x00000000a6f00000, 0x00000000e0000000)
  object space 113664K, 54% used [0x00000000a0000000,0x00000000a3c4f400,0x00000000a6f00000)
 Metaspace       used 56640K, capacity 57896K, committed 58368K, reserved 1099776K
  class space    used 6733K, capacity 7066K, committed 7168K, reserved 1048576K
}

