# JRE version: OpenJDK Runtime Environment (8.0_152-b02) (build 1.8.0_152-release-1024-b02)
# Java VM: OpenJDK 64-Bit Server VM (25.152-b02 mixed mode windows-amd64 compressed oops)
Heap:
 PSYoungGen      total 167936K, used 126929K [0x00000000e0000000, 0x00000000eda80000, 0x0000000100000000)
  eden space 117248K, 87% used [0x00000000e0000000,0x00000000e641cc80,0x00000000e7280000)
  from space 50688K, 48% used [0x00000000e7280000,0x00000000e8a57aa0,0x00000000ea400000)
  to   space 52736K, 0% used [0x00000000ea700000,0x00000000ea700000,0x00000000eda80000)
 ParOldGen       total 152064K, used 20318K [0x00000000a0000000, 0x00000000a9480000, 0x00000000e0000000)
  object space 152064K, 13% used [0x00000000a0000000,0x00000000a13d7ab0,0x00000000a9480000)
 Metaspace       used 63446K, capacity 65122K, committed 70144K, reserved 1110016K
  class space    used 7280K, capacity 7763K, committed 8960K, reserved 1048576K
GC Heap History (10 events):
Event: 14656.498 GC heap before
{Heap before GC invocations=52 (full 7):
 PSYoungGen      total 163328K, used 159579K [0x00000000e0000000, 0x00000000ed880000, 0x0000000100000000)
  eden space 120832K, 100% used [0x00000000e0000000,0x00000000e7600000,0x00000000e7600000)
  from space 42496K, 91% used [0x00000000ea480000,0x00000000eca56da0,0x00000000ece00000)
  to   space 47616K, 0% used [0x00000000e7600000,0x00000000e7600000,0x00000000ea480000)
 ParOldGen       total 152064K, used 20278K [0x00000000a0000000, 0x00000000a9480000, 0x00000000e0000000)
  object space 152064K, 13% used [0x00000000a0000000,0x00000000a13cdab0,0x00000000a9480000)
 Metaspace       used 60757K, capacity 61920K, committed 70144K, reserved 1110016K
  class space    used 6948K, capacity 7262K, committed 8960K, reserved 1048576K
Event: 14656.526 GC heap after
Heap after GC invocations=52 (full 7):
 PSYoungGen      total 146432K, used 25304K [0x00000000e0000000, 0x00000000ed180000, 0x0000000100000000)
  eden space 120832K, 0% used [0x00000000e0000000,0x00000000e0000000,0x00000000e7600000)
  from space 25600K, 98% used [0x00000000e7600000,0x00000000e8eb62e8,0x00000000e8f00000)
  to   space 46592K, 0% used [0x00000000ea400000,0x00000000ea400000,0x00000000ed180000)
 ParOldGen       total 152064K, used 20286K [0x00000000a0000000, 0x00000000a9480000, 0x00000000e0000000)
  object space 152064K, 13% used [0x00000000a0000000,0x00000000a13cfab0,0x00000000a9480000)
 Metaspace       used 60757K, capacity 61920K, committed 70144K, reserved 1110016K
  class space    used 6948K, capacity 7262K, committed 8960K, reserved 1048576K
}
Event: 15004.302 GC heap before
{Heap before GC invocations=53 (full 7):
 PSYoungGen      total 146432K, used 146136K [0x00000000e0000000, 0x00000000ed180000, 0x0000000100000000)
  eden space 120832K, 100% used [0x00000000e0000000,0x00000000e7600000,0x00000000e7600000)
  from space 25600K, 98% used [0x00000000e7600000,0x00000000e8eb62e8,0x00000000e8f00000)
  to   space 46592K, 0% used [0x00000000ea400000,0x00000000ea400000,0x00000000ed180000)
 ParOldGen       total 152064K, used 20286K [0x00000000a0000000, 0x00000000a9480000, 0x00000000e0000000)
  object space 152064K, 13% used [0x00000000a0000000,0x00000000a13cfab0,0x00000000a9480000)
 Metaspace       used 61216K, capacity 62392K, committed 70144K, reserved 1110016K
  class space    used 7000K, capacity 7334K, committed 8960K, reserved 1048576K
Event: 15004.343 GC heap after
Heap after GC invocations=53 (full 7):
 PSYoungGen      total 163840K, used 39283K [0x00000000e0000000, 0x00000000ed980000, 0x0000000100000000)
  eden space 117248K, 0% used [0x00000000e0000000,0x00000000e0000000,0x00000000e7280000)
  from space 46592K, 84% used [0x00000000ea400000,0x00000000eca5cfb0,0x00000000ed180000)
  to   space 50688K, 0% used [0x00000000e7280000,0x00000000e7280000,0x00000000ea400000)
 ParOldGen       total 152064K, used 20294K [0x00000000a0000000, 0x00000000a9480000, 0x00000000e0000000)
  object space 152064K, 13% used [0x00000000a0000000,0x00000000a13d1ab0,0x00000000a9480000)
 Metaspace       used 61216K, capacity 62392K, committed 70144K, reserved 1110016K
  class space    used 7000K, capacity 7334K, committed 8960K, reserved 1048576K
}
Event: 15044.496 GC heap before
{Heap before GC invocations=54 (full 7):
 PSYoungGen      total 163840K, used 156531K [0x00000000e0000000, 0x00000000ed980000, 0x0000000100000000)
  eden space 117248K, 100% used [0x00000000e0000000,0x00000000e7280000,0x00000000e7280000)
  from space 46592K, 84% used [0x00000000ea400000,0x00000000eca5cfb0,0x00000000ed180000)
  to   space 50688K, 0% used [0x00000000e7280000,0x00000000e7280000,0x00000000ea400000)
 ParOldGen       total 152064K, used 20294K [0x00000000a0000000, 0x00000000a9480000, 0x00000000e0000000)
  object space 152064K, 13% used [0x00000000a0000000,0x00000000a13d1ab0,0x00000000a9480000)
 Metaspace       used 61522K, capacity 62786K, committed 70144K, reserved 1110016K
  class space    used 7038K, capacity 7377K, committed 8960K, reserved 1048576K
Event: 15044.539 GC heap after
Heap after GC invocations=54 (full 7):
 PSYoungGen      total 167936K, used 35294K [0x00000000e0000000, 0x00000000eda80000, 0x0000000100000000)
  eden space 117248K, 0% used [0x00000000e0000000,0x00000000e0000000,0x00000000e7280000)
  from space 50688K, 69% used [0x00000000e7280000,0x00000000e94f7be0,0x00000000ea400000)
  to   space 52736K, 0% used [0x00000000ea700000,0x00000000ea700000,0x00000000eda80000)
 ParOldGen       total 152064K, used 20302K [0x00000000a0000000, 0x00000000a9480000, 0x00000000e0000000)
  object space 152064K, 13% used [0x00000000a0000000,0x00000000a13d3ab0,0x00000000a9480000)
 Metaspace       used 61522K, capacity 62786K, committed 70144K, reserved 1110016K
  class space    used 7038K, capacity 7377K, committed 8960K, reserved 1048576K
}
Event: 15044.986 GC heap before
{Heap before GC invocations=55 (full 7):
 PSYoungGen      total 167936K, used 152542K [0x00000000e0000000, 0x00000000eda80000, 0x0000000100000000)
  eden space 117248K, 100% used [0x00000000e0000000,0x00000000e7280000,0x00000000e7280000)
  from space 50688K, 69% used [0x00000000e7280000,0x00000000e94f7be0,0x00000000ea400000)
  to   space 52736K, 0% used [0x00000000ea700000,0x00000000ea700000,0x00000000eda80000)
 ParOldGen       total 152064K, used 20302K [0x00000000a0000000, 0x00000000a9480000, 0x00000000e0000000)
  object space 152064K, 13% used [0x00000000a0000000,0x00000000a13d3ab0,0x00000000a9480000)
 Metaspace       used 61655K, capacity 62946K, committed 70144K, reserved 1110016K
  class space    used 7055K, capacity 7409K, committed 8960K, reserved 1048576K
Event: 15045.024 GC heap after
Heap after GC invocations=55 (full 7):
 PSYoungGen      total 169984K, used 39339K [0x00000000e0000000, 0x00000000eda80000, 0x0000000100000000)
  eden space 117248K, 0% used [0x00000000e0000000,0x00000000e0000000,0x00000000e7280000)
  from space 52736K, 74% used [0x00000000ea700000,0x00000000ecd6adf0,0x00000000eda80000)
  to   space 50688K, 0% used [0x00000000e7280000,0x00000000e7280000,0x00000000ea400000)
 ParOldGen       total 152064K, used 20310K [0x00000000a0000000, 0x00000000a9480000, 0x00000000e0000000)
  object space 152064K, 13% used [0x00000000a0000000,0x00000000a13d5ab0,0x00000000a9480000)
 Metaspace       used 61655K, capacity 62946K, committed 70144K, reserved 1110016K
  class space    used 7055K, capacity 7409K, committed 8960K, reserved 1048576K
}
Event: 15242.561 GC heap before
{Heap before GC invocations=56 (full 7):
 PSYoungGen      total 169984K, used 156587K [0x00000000e0000000, 0x00000000eda80000, 0x0000000100000000)
  eden space 117248K, 100% used [0x00000000e0000000,0x00000000e7280000,0x00000000e7280000)
  from space 52736K, 74% used [0x00000000ea700000,0x00000000ecd6adf0,0x00000000eda80000)
  to   space 50688K, 0% used [0x00000000e7280000,0x00000000e7280000,0x00000000ea400000)
 ParOldGen       total 152064K, used 20310K [0x00000000a0000000, 0x00000000a9480000, 0x00000000e0000000)
  object space 152064K, 13% used [0x00000000a0000000,0x00000000a13d5ab0,0x00000000a9480000)
 Metaspace       used 62306K, capacity 63582K, committed 70144K, reserved 1110016K
  class space    used 7131K, capacity 7513K, committed 8960K, reserved 1048576K
Event: 15242.583 GC heap after
Heap after GC invocations=56 (full 7):
 PSYoungGen      total 167936K, used 24414K [0x00000000e0000000, 0x00000000eda80000, 0x0000000100000000)
  eden space 117248K, 0% used [0x00000000e0000000,0x00000000e0000000,0x00000000e7280000)
  from space 50688K, 48% used [0x00000000e7280000,0x00000000e8a57aa0,0x00000000ea400000)
  to   space 52736K, 0% used [0x00000000ea700000,0x00000000ea700000,0x00000000eda80000)
 ParOldGen       total 152064K, used 20318K [0x00000000a0000000, 0x00000000a9480000, 0x00000000e0000000)
  object space 152064K, 13% used [0x00000000a0000000,0x00000000a13d7ab0,0x00000000a9480000)
 Metaspace       used 62306K, capacity 63582K, committed 70144K, reserved 1110016K
  class space    used 7131K, capacity 7513K, committed 8960K, reserved 1048576K
}

