# JRE version: OpenJDK Runtime Environment (8.0_152-b02) (build 1.8.0_152-release-1024-b02)
# Java VM: OpenJDK 64-Bit Server VM (25.152-b02 mixed mode windows-amd64 compressed oops)
Heap:
 PSYoungGen      total 397312K, used 282727K [0x00000000e0000000, 0x0000000100000000, 0x0000000100000000)
  eden space 323584K, 64% used [0x00000000e0000000,0x00000000ecc8fdf8,0x00000000f3c00000)
  from space 73728K, 99% used [0x00000000f3c00000,0x00000000f838a108,0x00000000f8400000)
  to   space 103936K, 0% used [0x00000000f9a80000,0x00000000f9a80000,0x0000000100000000)
 ParOldGen       total 317440K, used 99355K [0x00000000a0000000, 0x00000000b3600000, 0x00000000e0000000)
  object space 317440K, 31% used [0x00000000a0000000,0x00000000a6106f78,0x00000000b3600000)
 Metaspace       used 388438K, capacity 421022K, committed 421324K, reserved 1413120K
  class space    used 49633K, capacity 56756K, committed 56832K, reserved 1048576K
GC Heap History (10 events):
Event: 33819.663 GC heap before
{Heap before GC invocations=114 (full 13):
 PSYoungGen      total 399872K, used 359158K [0x00000000e0000000, 0x00000000ff180000, 0x0000000100000000)
  eden space 310784K, 100% used [0x00000000e0000000,0x00000000f2f80000,0x00000000f2f80000)
  from space 89088K, 54% used [0x00000000f9a80000,0x00000000fc9bd8f0,0x00000000ff180000)
  to   space 99328K, 0% used [0x00000000f2f80000,0x00000000f2f80000,0x00000000f9080000)
 ParOldGen       total 317440K, used 99315K [0x00000000a0000000, 0x00000000b3600000, 0x00000000e0000000)
  object space 317440K, 31% used [0x00000000a0000000,0x00000000a60fcf78,0x00000000b3600000)
 Metaspace       used 343566K, capacity 371684K, committed 371788K, reserved 1372160K
  class space    used 43708K, capacity 49999K, committed 50048K, reserved 1048576K
Event: 33819.715 GC heap after
Heap after GC invocations=114 (full 13):
 PSYoungGen      total 410112K, used 47843K [0x00000000e0000000, 0x00000000ffb00000, 0x0000000100000000)
  eden space 310784K, 0% used [0x00000000e0000000,0x00000000e0000000,0x00000000f2f80000)
  from space 99328K, 48% used [0x00000000f2f80000,0x00000000f5e38d20,0x00000000f9080000)
  to   space 95232K, 0% used [0x00000000f9e00000,0x00000000f9e00000,0x00000000ffb00000)
 ParOldGen       total 317440K, used 99323K [0x00000000a0000000, 0x00000000b3600000, 0x00000000e0000000)
  object space 317440K, 31% used [0x00000000a0000000,0x00000000a60fef78,0x00000000b3600000)
 Metaspace       used 343566K, capacity 371684K, committed 371788K, reserved 1372160K
  class space    used 43708K, capacity 49999K, committed 50048K, reserved 1048576K
}
Event: 34131.892 GC heap before
{Heap before GC invocations=115 (full 13):
 PSYoungGen      total 410112K, used 358627K [0x00000000e0000000, 0x00000000ffb00000, 0x0000000100000000)
  eden space 310784K, 100% used [0x00000000e0000000,0x00000000f2f80000,0x00000000f2f80000)
  from space 99328K, 48% used [0x00000000f2f80000,0x00000000f5e38d20,0x00000000f9080000)
  to   space 95232K, 0% used [0x00000000f9e00000,0x00000000f9e00000,0x00000000ffb00000)
 ParOldGen       total 317440K, used 99323K [0x00000000a0000000, 0x00000000b3600000, 0x00000000e0000000)
  object space 317440K, 31% used [0x00000000a0000000,0x00000000a60fef78,0x00000000b3600000)
 Metaspace       used 344114K, capacity 372884K, committed 373068K, reserved 1372160K
  class space    used 43810K, capacity 50227K, committed 50304K, reserved 1048576K
Event: 34131.948 GC heap after
Heap after GC invocations=115 (full 13):
 PSYoungGen      total 409600K, used 48255K [0x00000000e0000000, 0x00000000ff000000, 0x0000000100000000)
  eden space 325632K, 0% used [0x00000000e0000000,0x00000000e0000000,0x00000000f3e00000)
  from space 83968K, 57% used [0x00000000f9e00000,0x00000000fcd1fd00,0x00000000ff000000)
  to   space 91136K, 0% used [0x00000000f3e00000,0x00000000f3e00000,0x00000000f9700000)
 ParOldGen       total 317440K, used 99331K [0x00000000a0000000, 0x00000000b3600000, 0x00000000e0000000)
  object space 317440K, 31% used [0x00000000a0000000,0x00000000a6100f78,0x00000000b3600000)
 Metaspace       used 344114K, capacity 372884K, committed 373068K, reserved 1372160K
  class space    used 43810K, capacity 50227K, committed 50304K, reserved 1048576K
}
Event: 34285.145 GC heap before
{Heap before GC invocations=116 (full 13):
 PSYoungGen      total 409600K, used 373887K [0x00000000e0000000, 0x00000000ff000000, 0x0000000100000000)
  eden space 325632K, 100% used [0x00000000e0000000,0x00000000f3e00000,0x00000000f3e00000)
  from space 83968K, 57% used [0x00000000f9e00000,0x00000000fcd1fd00,0x00000000ff000000)
  to   space 91136K, 0% used [0x00000000f3e00000,0x00000000f3e00000,0x00000000f9700000)
 ParOldGen       total 317440K, used 99331K [0x00000000a0000000, 0x00000000b3600000, 0x00000000e0000000)
  object space 317440K, 31% used [0x00000000a0000000,0x00000000a6100f78,0x00000000b3600000)
 Metaspace       used 356874K, capacity 386626K, committed 386764K, reserved 1384448K
  class space    used 45592K, capacity 52190K, committed 52224K, reserved 1048576K
Event: 34285.232 GC heap after
Heap after GC invocations=116 (full 13):
 PSYoungGen      total 416768K, used 70886K [0x00000000e0000000, 0x0000000100000000, 0x0000000100000000)
  eden space 325632K, 0% used [0x00000000e0000000,0x00000000e0000000,0x00000000f3e00000)
  from space 91136K, 77% used [0x00000000f3e00000,0x00000000f8339a88,0x00000000f9700000)
  to   space 96256K, 0% used [0x00000000fa200000,0x00000000fa200000,0x0000000100000000)
 ParOldGen       total 317440K, used 99339K [0x00000000a0000000, 0x00000000b3600000, 0x00000000e0000000)
  object space 317440K, 31% used [0x00000000a0000000,0x00000000a6102f78,0x00000000b3600000)
 Metaspace       used 356874K, capacity 386626K, committed 386764K, reserved 1384448K
  class space    used 45592K, capacity 52190K, committed 52224K, reserved 1048576K
}
Event: 34597.959 GC heap before
{Heap before GC invocations=117 (full 13):
 PSYoungGen      total 416768K, used 396518K [0x00000000e0000000, 0x0000000100000000, 0x0000000100000000)
  eden space 325632K, 100% used [0x00000000e0000000,0x00000000f3e00000,0x00000000f3e00000)
  from space 91136K, 77% used [0x00000000f3e00000,0x00000000f8339a88,0x00000000f9700000)
  to   space 96256K, 0% used [0x00000000fa200000,0x00000000fa200000,0x0000000100000000)
 ParOldGen       total 317440K, used 99339K [0x00000000a0000000, 0x00000000b3600000, 0x00000000e0000000)
  object space 317440K, 31% used [0x00000000a0000000,0x00000000a6102f78,0x00000000b3600000)
 Metaspace       used 375460K, capacity 406498K, committed 406732K, reserved 1400832K
  class space    used 47896K, capacity 54773K, committed 54784K, reserved 1048576K
Event: 34598.040 GC heap after
Heap after GC invocations=117 (full 13):
 PSYoungGen      total 419840K, used 73014K [0x00000000e0000000, 0x0000000100000000, 0x0000000100000000)
  eden space 323584K, 0% used [0x00000000e0000000,0x00000000e0000000,0x00000000f3c00000)
  from space 96256K, 75% used [0x00000000fa200000,0x00000000fe94db90,0x0000000100000000)
  to   space 100352K, 0% used [0x00000000f3c00000,0x00000000f3c00000,0x00000000f9e00000)
 ParOldGen       total 317440K, used 99347K [0x00000000a0000000, 0x00000000b3600000, 0x00000000e0000000)
  object space 317440K, 31% used [0x00000000a0000000,0x00000000a6104f78,0x00000000b3600000)
 Metaspace       used 375460K, capacity 406498K, committed 406732K, reserved 1400832K
  class space    used 47896K, capacity 54773K, committed 54784K, reserved 1048576K
}
Event: 34612.175 GC heap before
{Heap before GC invocations=118 (full 13):
 PSYoungGen      total 419840K, used 396598K [0x00000000e0000000, 0x0000000100000000, 0x0000000100000000)
  eden space 323584K, 100% used [0x00000000e0000000,0x00000000f3c00000,0x00000000f3c00000)
  from space 96256K, 75% used [0x00000000fa200000,0x00000000fe94db90,0x0000000100000000)
  to   space 100352K, 0% used [0x00000000f3c00000,0x00000000f3c00000,0x00000000f9e00000)
 ParOldGen       total 317440K, used 99347K [0x00000000a0000000, 0x00000000b3600000, 0x00000000e0000000)
  object space 317440K, 31% used [0x00000000a0000000,0x00000000a6104f78,0x00000000b3600000)
 Metaspace       used 385219K, capacity 417390K, committed 417612K, reserved 1411072K
  class space    used 49310K, capacity 56386K, committed 56448K, reserved 1048576K
Event: 34612.249 GC heap after
Heap after GC invocations=118 (full 13):
 PSYoungGen      total 397312K, used 73256K [0x00000000e0000000, 0x0000000100000000, 0x0000000100000000)
  eden space 323584K, 0% used [0x00000000e0000000,0x00000000e0000000,0x00000000f3c00000)
  from space 73728K, 99% used [0x00000000f3c00000,0x00000000f838a108,0x00000000f8400000)
  to   space 103936K, 0% used [0x00000000f9a80000,0x00000000f9a80000,0x0000000100000000)
 ParOldGen       total 317440K, used 99355K [0x00000000a0000000, 0x00000000b3600000, 0x00000000e0000000)
  object space 317440K, 31% used [0x00000000a0000000,0x00000000a6106f78,0x00000000b3600000)
 Metaspace       used 385219K, capacity 417390K, committed 417612K, reserved 1411072K
  class space    used 49310K, capacity 56386K, committed 56448K, reserved 1048576K
}

